<?xml version="1.0" encoding="UTF-8"?>
<!-- Generated by org.testng.reporters.JUnitReportReporter -->
<testsuite hostname="DESKTOP-0UORV4L" failures="0" tests="3" name="files.DynamicJson" time="2.107" errors="0" timestamp="2025-01-22T00:27:20 IST" skipped="0">
  <testcase classname="files.DynamicJson" name="addBook" time="0.178"/>
  <system-out/>
  <testcase classname="files.DynamicJson" name="addBook" time="1.800"/>
  <system-out/>
  <testcase classname="files.DynamicJson" name="addBook" time="0.129"/>
  <system-out/>
</testsuite> <!-- files.DynamicJson -->
