<?xml version="1.0" encoding="UTF-8"?>
<!-- Generated by org.testng.reporters.JUnitReportReporter -->
<testsuite hostname="DESKTOP-0UORV4L" failures="0" tests="1" name="SumValidation" time="1.228" errors="0" timestamp="2025-01-21T00:06:07 IST" skipped="0">
  <testcase classname="SumValidation" name="SumofCourses" time="1.228"/>
  <system-out/>
</testsuite> <!-- SumValidation -->
